<?xml version="1.0" encoding="UTF-8"?>
<testng-results ignored="0" total="1" passed="1" failed="0" skipped="0">
  <reporter-output>
  </reporter-output>
  <suite started-at="2022-09-20T14:14:51 IST" name="Default suite" finished-at="2022-09-20T14:15:12 IST" duration-ms="20862">
    <groups>
    </groups>
    <test started-at="2022-09-20T14:14:51 IST" name="Default test" finished-at="2022-09-20T14:15:12 IST" duration-ms="20862">
      <class name="org.tyss.flipkart_webapplication_assingment.AddToCart">
        <test-method is-config="true" signature="beforeSuiteMethod()[pri:0, instance:org.tyss.flipkart_webapplication_assingment.AddToCart@7161d8d1]" started-at="2022-09-20T14:14:51 IST" name="beforeSuiteMethod" finished-at="2022-09-20T14:14:51 IST" duration-ms="21" status="PASS">
          <reporter-output>
          </reporter-output>
        </test-method> <!-- beforeSuiteMethod -->
        <test-method is-config="true" signature="beforetestMethod()[pri:0, instance:org.tyss.flipkart_webapplication_assingment.AddToCart@7161d8d1]" started-at="2022-09-20T14:14:51 IST" name="beforetestMethod" finished-at="2022-09-20T14:14:51 IST" duration-ms="1" status="PASS">
          <reporter-output>
          </reporter-output>
        </test-method> <!-- beforetestMethod -->
        <test-method is-config="true" signature="beforeClassMethod()[pri:0, instance:org.tyss.flipkart_webapplication_assingment.AddToCart@7161d8d1]" started-at="2022-09-20T14:14:51 IST" name="beforeClassMethod" finished-at="2022-09-20T14:14:51 IST" duration-ms="3" status="PASS">
          <reporter-output>
          </reporter-output>
        </test-method> <!-- beforeClassMethod -->
        <test-method is-config="true" signature="beforeMethod()[pri:0, instance:org.tyss.flipkart_webapplication_assingment.AddToCart@7161d8d1]" started-at="2022-09-20T14:14:51 IST" name="beforeMethod" finished-at="2022-09-20T14:15:05 IST" duration-ms="14244" status="PASS">
          <reporter-output>
          </reporter-output>
        </test-method> <!-- beforeMethod -->
        <test-method signature="addToCart()[pri:0, instance:org.tyss.flipkart_webapplication_assingment.AddToCart@7161d8d1]" started-at="2022-09-20T14:15:05 IST" name="addToCart" finished-at="2022-09-20T14:15:12 IST" duration-ms="6546" status="PASS">
          <reporter-output>
          </reporter-output>
        </test-method> <!-- addToCart -->
        <test-method is-config="true" signature="afterMethod()[pri:0, instance:org.tyss.flipkart_webapplication_assingment.AddToCart@7161d8d1]" started-at="2022-09-20T14:15:12 IST" name="afterMethod" finished-at="2022-09-20T14:15:12 IST" duration-ms="1" status="PASS">
          <reporter-output>
          </reporter-output>
        </test-method> <!-- afterMethod -->
        <test-method is-config="true" signature="afterClassMethod()[pri:0, instance:org.tyss.flipkart_webapplication_assingment.AddToCart@7161d8d1]" started-at="2022-09-20T14:15:12 IST" name="afterClassMethod" finished-at="2022-09-20T14:15:12 IST" duration-ms="1" status="PASS">
          <reporter-output>
          </reporter-output>
        </test-method> <!-- afterClassMethod -->
        <test-method is-config="true" signature="afterTestMethod()[pri:0, instance:org.tyss.flipkart_webapplication_assingment.AddToCart@7161d8d1]" started-at="2022-09-20T14:15:12 IST" name="afterTestMethod" finished-at="2022-09-20T14:15:12 IST" duration-ms="1" status="PASS">
          <reporter-output>
          </reporter-output>
        </test-method> <!-- afterTestMethod -->
        <test-method is-config="true" signature="afterSuiteMethod()[pri:0, instance:org.tyss.flipkart_webapplication_assingment.AddToCart@7161d8d1]" started-at="2022-09-20T14:15:12 IST" name="afterSuiteMethod" finished-at="2022-09-20T14:15:12 IST" duration-ms="0" status="PASS">
          <reporter-output>
          </reporter-output>
        </test-method> <!-- afterSuiteMethod -->
      </class> <!-- org.tyss.flipkart_webapplication_assingment.AddToCart -->
    </test> <!-- Default test -->
  </suite> <!-- Default suite -->
</testng-results>
